app/build/intermediates/manifest_merge_blame_file/devDebug/manifest-merger-blame-dev-debug-report.txt
1<?xml version="1.0" encoding="utf-8"?>
2<manifest xmlns:android="http://schemas.android.com/apk/res/android"
3    package="com.example.rickandmorty"
4    android:versionCode="1"
5    android:versionName="1.0" >
6
7    <uses-sdk
8        android:minSdkVersion="21"
8-->src/main/AndroidManifest.xml
9        android:targetSdkVersion="30" />
9-->src/main/AndroidManifest.xml
10
11    <!-- Although the *SdkVersion is captured in gradle build files, this is required for non gradle builds -->
12    <!-- <uses-sdk android:minSdkVersion="14"/> -->
13    <uses-permission android:name="android.permission.ACCESS_NETWORK_STATE" />
13-->[com.google.firebase:firebase-database:19.6.0] AndroidManifest.xml:25:5-79
13-->[com.google.firebase:firebase-database:19.6.0] AndroidManifest.xml:25:22-76
14    <uses-permission android:name="android.permission.INTERNET" />
14-->[com.google.firebase:firebase-database:19.6.0] AndroidManifest.xml:26:5-67
14-->[com.google.firebase:firebase-database:19.6.0] AndroidManifest.xml:26:22-64
15    <uses-permission android:name="android.permission.WAKE_LOCK" />
15-->[com.google.android.gms:play-services-measurement-api:18.0.1] AndroidManifest.xml:24:5-68
15-->[com.google.android.gms:play-services-measurement-api:18.0.1] AndroidManifest.xml:24:22-65
16    <uses-permission android:name="com.google.android.finsky.permission.BIND_GET_INSTALL_REFERRER_SERVICE" />
16-->[com.google.android.gms:play-services-measurement:18.0.1] AndroidManifest.xml:26:5-110
16-->[com.google.android.gms:play-services-measurement:18.0.1] AndroidManifest.xml:26:22-107
17
18    <application
18-->src/main/AndroidManifest.xml:5:5-26:19
19        android:allowBackup="true"
19-->src/main/AndroidManifest.xml:6:9-35
20        android:appComponentFactory="androidx.core.app.CoreComponentFactory"
20-->[androidx.core:core:1.3.2] AndroidManifest.xml:24:18-86
21        android:debuggable="true"
22        android:icon="@mipmap/ic_launcher"
22-->src/main/AndroidManifest.xml:7:9-43
23        android:label="@string/app_name"
23-->src/main/AndroidManifest.xml:8:9-41
24        android:roundIcon="@mipmap/ic_launcher_round"
24-->src/main/AndroidManifest.xml:9:9-54
25        android:screenOrientation="portrait"
25-->src/main/AndroidManifest.xml:10:9-45
26        android:supportsRtl="true"
26-->src/main/AndroidManifest.xml:11:9-35
27        android:testOnly="true"
28        android:theme="@style/Theme.RickAndMorty" >
28-->src/main/AndroidManifest.xml:12:9-50
29        <activity
29-->src/main/AndroidManifest.xml:13:9-20:20
30            android:name="com.example.rickandmorty.MainActivity"
30-->src/main/AndroidManifest.xml:14:13-41
31            android:theme="@style/Theme.AppCompat.Light.NoActionBar" >
31-->src/main/AndroidManifest.xml:15:13-69
32            <intent-filter>
32-->src/main/AndroidManifest.xml:16:13-19:29
33                <action android:name="android.intent.action.MAIN" />
33-->src/main/AndroidManifest.xml:17:17-69
33-->src/main/AndroidManifest.xml:17:25-66
34
35                <category android:name="android.intent.category.LAUNCHER" />
35-->src/main/AndroidManifest.xml:18:17-77
35-->src/main/AndroidManifest.xml:18:27-74
36            </intent-filter>
37        </activity>
38        <activity
38-->src/main/AndroidManifest.xml:21:9-23:75
39            android:name="com.example.rickandmorty.Lobby"
39-->src/main/AndroidManifest.xml:22:13-34
40            android:theme="@style/Theme.AppCompat.DayNight.NoActionBar" />
40-->src/main/AndroidManifest.xml:23:13-72
41        <activity android:name="com.example.rickandmorty.UserDashboard" />
41-->src/main/AndroidManifest.xml:24:9-25:45
41-->src/main/AndroidManifest.xml:25:13-42
42
43        <service
43-->[com.google.firebase:firebase-database-ktx:19.6.0] AndroidManifest.xml:12:9-18:19
44            android:name="com.google.firebase.components.ComponentDiscoveryService"
44-->[com.google.firebase:firebase-database-ktx:19.6.0] AndroidManifest.xml:13:13-84
45            android:directBootAware="true"
45-->[com.google.firebase:firebase-common:19.5.0] AndroidManifest.xml:35:13-43
46            android:exported="false" >
46-->[com.google.firebase:firebase-database-ktx:19.6.0] AndroidManifest.xml:14:13-37
47            <meta-data
47-->[com.google.firebase:firebase-database-ktx:19.6.0] AndroidManifest.xml:15:13-17:85
48                android:name="com.google.firebase.components:com.google.firebase.database.ktx.FirebaseDatabaseKtxRegistrar"
48-->[com.google.firebase:firebase-database-ktx:19.6.0] AndroidManifest.xml:16:17-124
49                android:value="com.google.firebase.components.ComponentRegistrar" />
49-->[com.google.firebase:firebase-database-ktx:19.6.0] AndroidManifest.xml:17:17-82
50            <meta-data
50-->[com.google.firebase:firebase-database:19.6.0] AndroidManifest.xml:32:13-34:85
51                android:name="com.google.firebase.components:com.google.firebase.database.DatabaseRegistrar"
51-->[com.google.firebase:firebase-database:19.6.0] AndroidManifest.xml:33:17-109
52                android:value="com.google.firebase.components.ComponentRegistrar" />
52-->[com.google.firebase:firebase-database:19.6.0] AndroidManifest.xml:34:17-82
53            <meta-data
53-->[com.google.firebase:firebase-auth-ktx:20.0.2] AndroidManifest.xml:11:13-13:85
54                android:name="com.google.firebase.components:com.google.firebase.auth.ktx.FirebaseAuthKtxRegistrar"
54-->[com.google.firebase:firebase-auth-ktx:20.0.2] AndroidManifest.xml:12:17-116
55                android:value="com.google.firebase.components.ComponentRegistrar" />
55-->[com.google.firebase:firebase-auth-ktx:20.0.2] AndroidManifest.xml:13:17-82
56            <meta-data
56-->[com.google.firebase:firebase-auth:20.0.2] AndroidManifest.xml:77:13-79:85
57                android:name="com.google.firebase.components:com.google.firebase.auth.FirebaseAuthRegistrar"
57-->[com.google.firebase:firebase-auth:20.0.2] AndroidManifest.xml:78:17-109
58                android:value="com.google.firebase.components.ComponentRegistrar" />
58-->[com.google.firebase:firebase-auth:20.0.2] AndroidManifest.xml:79:17-82
59            <meta-data
59-->[com.google.firebase:firebase-analytics-ktx:18.0.1] AndroidManifest.xml:11:13-13:85
60                android:name="com.google.firebase.components:com.google.firebase.analytics.ktx.FirebaseAnalyticsKtxRegistrar"
60-->[com.google.firebase:firebase-analytics-ktx:18.0.1] AndroidManifest.xml:12:17-126
61                android:value="com.google.firebase.components.ComponentRegistrar" />
61-->[com.google.firebase:firebase-analytics-ktx:18.0.1] AndroidManifest.xml:13:17-82
62            <meta-data
62-->[com.google.firebase:firebase-common-ktx:19.5.0] AndroidManifest.xml:15:13-17:85
63                android:name="com.google.firebase.components:com.google.firebase.ktx.FirebaseCommonKtxRegistrar"
63-->[com.google.firebase:firebase-common-ktx:19.5.0] AndroidManifest.xml:16:17-113
64                android:value="com.google.firebase.components.ComponentRegistrar" />
64-->[com.google.firebase:firebase-common-ktx:19.5.0] AndroidManifest.xml:17:17-82
65            <meta-data
65-->[com.google.android.gms:play-services-measurement-api:18.0.1] AndroidManifest.xml:30:13-32:85
66                android:name="com.google.firebase.components:com.google.firebase.analytics.connector.internal.AnalyticsConnectorRegistrar"
66-->[com.google.android.gms:play-services-measurement-api:18.0.1] AndroidManifest.xml:31:17-139
67                android:value="com.google.firebase.components.ComponentRegistrar" />
67-->[com.google.android.gms:play-services-measurement-api:18.0.1] AndroidManifest.xml:32:17-82
68            <meta-data
68-->[com.google.firebase:firebase-installations:16.3.5] AndroidManifest.xml:18:13-20:85
69                android:name="com.google.firebase.components:com.google.firebase.installations.FirebaseInstallationsRegistrar"
69-->[com.google.firebase:firebase-installations:16.3.5] AndroidManifest.xml:19:17-127
70                android:value="com.google.firebase.components.ComponentRegistrar" />
70-->[com.google.firebase:firebase-installations:16.3.5] AndroidManifest.xml:20:17-82
71            <!--
72                This registrar is not defined in the dynamic-module-support sdk itself to allow non-firebase
73                clients to use it as well, by defining this registrar in their own core/common library.
74            -->
75            <meta-data
75-->[com.google.firebase:firebase-common:19.5.0] AndroidManifest.xml:43:13-45:85
76                android:name="com.google.firebase.components:com.google.firebase.dynamicloading.DynamicLoadingRegistrar"
76-->[com.google.firebase:firebase-common:19.5.0] AndroidManifest.xml:44:17-121
77                android:value="com.google.firebase.components.ComponentRegistrar" />
77-->[com.google.firebase:firebase-common:19.5.0] AndroidManifest.xml:45:17-82
78        </service>
79
80        <activity
80-->[com.google.firebase:firebase-auth:20.0.2] AndroidManifest.xml:27:9-44:20
81            android:name="com.google.firebase.auth.internal.GenericIdpActivity"
81-->[com.google.firebase:firebase-auth:20.0.2] AndroidManifest.xml:28:13-80
82            android:excludeFromRecents="true"
82-->[com.google.firebase:firebase-auth:20.0.2] AndroidManifest.xml:29:13-46
83            android:exported="true"
83-->[com.google.firebase:firebase-auth:20.0.2] AndroidManifest.xml:30:13-36
84            android:launchMode="singleTask"
84-->[com.google.firebase:firebase-auth:20.0.2] AndroidManifest.xml:31:13-44
85            android:theme="@android:style/Theme.Translucent.NoTitleBar" >
85-->[com.google.firebase:firebase-auth:20.0.2] AndroidManifest.xml:32:13-72
86            <intent-filter>
86-->[com.google.firebase:firebase-auth:20.0.2] AndroidManifest.xml:33:13-43:29
87                <action android:name="android.intent.action.VIEW" />
87-->[com.google.firebase:firebase-auth:20.0.2] AndroidManifest.xml:34:17-69
87-->[com.google.firebase:firebase-auth:20.0.2] AndroidManifest.xml:34:25-66
88
89                <category android:name="android.intent.category.DEFAULT" />
89-->[com.google.firebase:firebase-auth:20.0.2] AndroidManifest.xml:36:17-76
89-->[com.google.firebase:firebase-auth:20.0.2] AndroidManifest.xml:36:27-73
90                <category android:name="android.intent.category.BROWSABLE" />
90-->[com.google.firebase:firebase-auth:20.0.2] AndroidManifest.xml:37:17-78
90-->[com.google.firebase:firebase-auth:20.0.2] AndroidManifest.xml:37:27-75
91
92                <data
92-->[com.google.firebase:firebase-auth:20.0.2] AndroidManifest.xml:39:17-42:51
93                    android:host="firebase.auth"
93-->[com.google.firebase:firebase-auth:20.0.2] AndroidManifest.xml:40:21-49
94                    android:path="/"
94-->[com.google.firebase:firebase-auth:20.0.2] AndroidManifest.xml:41:21-37
95                    android:scheme="genericidp" />
95-->[com.google.firebase:firebase-auth:20.0.2] AndroidManifest.xml:42:21-48
96            </intent-filter>
97        </activity>
98        <activity
98-->[com.google.firebase:firebase-auth:20.0.2] AndroidManifest.xml:45:9-62:20
99            android:name="com.google.firebase.auth.internal.RecaptchaActivity"
99-->[com.google.firebase:firebase-auth:20.0.2] AndroidManifest.xml:46:13-79
100            android:excludeFromRecents="true"
100-->[com.google.firebase:firebase-auth:20.0.2] AndroidManifest.xml:47:13-46
101            android:exported="true"
101-->[com.google.firebase:firebase-auth:20.0.2] AndroidManifest.xml:48:13-36
102            android:launchMode="singleTask"
102-->[com.google.firebase:firebase-auth:20.0.2] AndroidManifest.xml:49:13-44
103            android:theme="@android:style/Theme.Translucent.NoTitleBar" >
103-->[com.google.firebase:firebase-auth:20.0.2] AndroidManifest.xml:50:13-72
104            <intent-filter>
104-->[com.google.firebase:firebase-auth:20.0.2] AndroidManifest.xml:51:13-61:29
105                <action android:name="android.intent.action.VIEW" />
105-->[com.google.firebase:firebase-auth:20.0.2] AndroidManifest.xml:34:17-69
105-->[com.google.firebase:firebase-auth:20.0.2] AndroidManifest.xml:34:25-66
106
107                <category android:name="android.intent.category.DEFAULT" />
107-->[com.google.firebase:firebase-auth:20.0.2] AndroidManifest.xml:36:17-76
107-->[com.google.firebase:firebase-auth:20.0.2] AndroidManifest.xml:36:27-73
108                <category android:name="android.intent.category.BROWSABLE" />
108-->[com.google.firebase:firebase-auth:20.0.2] AndroidManifest.xml:37:17-78
108-->[com.google.firebase:firebase-auth:20.0.2] AndroidManifest.xml:37:27-75
109
110                <data
110-->[com.google.firebase:firebase-auth:20.0.2] AndroidManifest.xml:39:17-42:51
111                    android:host="firebase.auth"
111-->[com.google.firebase:firebase-auth:20.0.2] AndroidManifest.xml:40:21-49
112                    android:path="/"
112-->[com.google.firebase:firebase-auth:20.0.2] AndroidManifest.xml:41:21-37
113                    android:scheme="recaptcha" />
113-->[com.google.firebase:firebase-auth:20.0.2] AndroidManifest.xml:42:21-48
114            </intent-filter>
115        </activity>
116
117        <service
117-->[com.google.firebase:firebase-auth:20.0.2] AndroidManifest.xml:64:9-73:19
118            android:name="com.google.firebase.auth.api.fallback.service.FirebaseAuthFallbackService"
118-->[com.google.firebase:firebase-auth:20.0.2] AndroidManifest.xml:65:13-101
119            android:enabled="true"
119-->[com.google.firebase:firebase-auth:20.0.2] AndroidManifest.xml:66:13-35
120            android:exported="false" >
120-->[com.google.firebase:firebase-auth:20.0.2] AndroidManifest.xml:67:13-37
121            <intent-filter>
121-->[com.google.firebase:firebase-auth:20.0.2] AndroidManifest.xml:68:13-72:29
122                <action android:name="com.google.firebase.auth.api.gms.service.START" />
122-->[com.google.firebase:firebase-auth:20.0.2] AndroidManifest.xml:69:17-89
122-->[com.google.firebase:firebase-auth:20.0.2] AndroidManifest.xml:69:25-86
123
124                <category android:name="android.intent.category.DEFAULT" />
124-->[com.google.firebase:firebase-auth:20.0.2] AndroidManifest.xml:36:17-76
124-->[com.google.firebase:firebase-auth:20.0.2] AndroidManifest.xml:36:27-73
125            </intent-filter>
126        </service>
127
128        <meta-data
128-->[com.github.bumptech.glide:okhttp3-integration:4.12.0] AndroidManifest.xml:11:9-13:43
129            android:name="com.bumptech.glide.integration.okhttp3.OkHttpGlideModule"
129-->[com.github.bumptech.glide:okhttp3-integration:4.12.0] AndroidManifest.xml:12:13-84
130            android:value="GlideModule" />
130-->[com.github.bumptech.glide:okhttp3-integration:4.12.0] AndroidManifest.xml:13:13-40
131
132        <provider
132-->[com.google.firebase:firebase-common:19.5.0] AndroidManifest.xml:26:9-31:39
133            android:name="com.google.firebase.provider.FirebaseInitProvider"
133-->[com.google.firebase:firebase-common:19.5.0] AndroidManifest.xml:27:13-77
134            android:authorities="com.example.rickandmorty.firebaseinitprovider"
134-->[com.google.firebase:firebase-common:19.5.0] AndroidManifest.xml:28:13-72
135            android:directBootAware="true"
135-->[com.google.firebase:firebase-common:19.5.0] AndroidManifest.xml:29:13-43
136            android:exported="false"
136-->[com.google.firebase:firebase-common:19.5.0] AndroidManifest.xml:30:13-37
137            android:initOrder="100" />
137-->[com.google.firebase:firebase-common:19.5.0] AndroidManifest.xml:31:13-36
138
139        <activity
139-->[com.google.android.gms:play-services-base:17.1.0] AndroidManifest.xml:23:9-26:75
140            android:name="com.google.android.gms.common.api.GoogleApiActivity"
140-->[com.google.android.gms:play-services-base:17.1.0] AndroidManifest.xml:24:13-79
141            android:exported="false"
141-->[com.google.android.gms:play-services-base:17.1.0] AndroidManifest.xml:25:13-37
142            android:theme="@android:style/Theme.Translucent.NoTitleBar" />
142-->[com.google.android.gms:play-services-base:17.1.0] AndroidManifest.xml:26:13-72
143
144        <receiver
144-->[com.google.android.gms:play-services-measurement:18.0.1] AndroidManifest.xml:29:9-33:20
145            android:name="com.google.android.gms.measurement.AppMeasurementReceiver"
145-->[com.google.android.gms:play-services-measurement:18.0.1] AndroidManifest.xml:30:13-85
146            android:enabled="true"
146-->[com.google.android.gms:play-services-measurement:18.0.1] AndroidManifest.xml:31:13-35
147            android:exported="false" >
147-->[com.google.android.gms:play-services-measurement:18.0.1] AndroidManifest.xml:32:13-37
148        </receiver>
149
150        <service
150-->[com.google.android.gms:play-services-measurement:18.0.1] AndroidManifest.xml:35:9-38:40
151            android:name="com.google.android.gms.measurement.AppMeasurementService"
151-->[com.google.android.gms:play-services-measurement:18.0.1] AndroidManifest.xml:36:13-84
152            android:enabled="true"
152-->[com.google.android.gms:play-services-measurement:18.0.1] AndroidManifest.xml:37:13-35
153            android:exported="false" />
153-->[com.google.android.gms:play-services-measurement:18.0.1] AndroidManifest.xml:38:13-37
154        <service
154-->[com.google.android.gms:play-services-measurement:18.0.1] AndroidManifest.xml:39:9-43:72
155            android:name="com.google.android.gms.measurement.AppMeasurementJobService"
155-->[com.google.android.gms:play-services-measurement:18.0.1] AndroidManifest.xml:40:13-87
156            android:enabled="true"
156-->[com.google.android.gms:play-services-measurement:18.0.1] AndroidManifest.xml:41:13-35
157            android:exported="false"
157-->[com.google.android.gms:play-services-measurement:18.0.1] AndroidManifest.xml:42:13-37
158            android:permission="android.permission.BIND_JOB_SERVICE" />
158-->[com.google.android.gms:play-services-measurement:18.0.1] AndroidManifest.xml:43:13-69
159
160        <meta-data
160-->[com.google.android.gms:play-services-basement:17.1.0] AndroidManifest.xml:23:9-25:69
161            android:name="com.google.android.gms.version"
161-->[com.google.android.gms:play-services-basement:17.1.0] AndroidManifest.xml:24:13-58
162            android:value="@integer/google_play_services_version" />
162-->[com.google.android.gms:play-services-basement:17.1.0] AndroidManifest.xml:25:13-66
163
164        <provider
164-->[androidx.lifecycle:lifecycle-process:2.0.0] AndroidManifest.xml:23:9-27:43
165            android:name="androidx.lifecycle.ProcessLifecycleOwnerInitializer"
165-->[androidx.lifecycle:lifecycle-process:2.0.0] AndroidManifest.xml:24:13-79
166            android:authorities="com.example.rickandmorty.lifecycle-process"
166-->[androidx.lifecycle:lifecycle-process:2.0.0] AndroidManifest.xml:25:13-69
167            android:exported="false"
167-->[androidx.lifecycle:lifecycle-process:2.0.0] AndroidManifest.xml:26:13-37
168            android:multiprocess="true" />
168-->[androidx.lifecycle:lifecycle-process:2.0.0] AndroidManifest.xml:27:13-40
169    </application>
170
171</manifest>